<?xml version="1.0" encoding="UTF-8"?>
<!-- Generated by org.testng.reporters.JUnitXMLReporter -->
<testsuite hostname="DESKTOP-Q4DJ4GC" ignored="0" name="Test" tests="2" failures="2" timestamp="04 May 2020 08:34:48 GMT" time="26.773" errors="0">
  <testcase name="searchGoogle" time="0.039" classname="com.bayer.digitalfarming.frontend.selenium.testcases.AccessGoogle">
    <failure type="java.util.NoSuchElementException" message="&amp;apos;waittimeout&amp;apos; doesn&amp;apos;t map to an existing object">
      <![CDATA[java.util.NoSuchElementException: 'waittimeout' doesn't map to an existing object
	at org.apache.commons.configuration.AbstractConfiguration.getLong(AbstractConfiguration.java:862)
	at com.bayer.digitalfarming.frontend.selenium.utils.config.PropertiesRepository.getLong(PropertiesRepository.java:73)
	at com.bayer.digitalfarming.frontend.selenium.utils.handlers.BaseHandler.setupConfigValue(BaseHandler.java:35)
	at com.bayer.digitalfarming.frontend.selenium.utils.handlers.BaseHandler.<init>(BaseHandler.java:31)
	at com.bayer.digitalfarming.frontend.selenium.utils.handlers.ElementHandler.<init>(ElementHandler.java:22)
	at com.bayer.digitalfarming.frontend.selenium.pages.GoogleHomePage.<init>(GoogleHomePage.java:19)
	at com.bayer.digitalfarming.frontend.selenium.testcases.AccessGoogle.searchGoogle(AccessGoogle.java:11)
... Removed 25 stack frames]]>
    </failure>
  </testcase> <!-- searchGoogle -->
  <testcase name="testFunctionality" time="5.147" classname="com.bayer.digitalfarming.frontend.selenium.utils.test.YourTest">
    <failure type="java.util.NoSuchElementException" message="&amp;apos;waittimeout&amp;apos; doesn&amp;apos;t map to an existing object">
      <![CDATA[java.util.NoSuchElementException: 'waittimeout' doesn't map to an existing object
	at org.apache.commons.configuration.AbstractConfiguration.getLong(AbstractConfiguration.java:862)
	at com.bayer.digitalfarming.frontend.selenium.utils.config.PropertiesRepository.getLong(PropertiesRepository.java:73)
	at com.bayer.digitalfarming.frontend.selenium.utils.handlers.BaseHandler.setupConfigValue(BaseHandler.java:35)
	at com.bayer.digitalfarming.frontend.selenium.utils.handlers.BaseHandler.<init>(BaseHandler.java:31)
	at com.bayer.digitalfarming.frontend.selenium.utils.handlers.ElementHandler.<init>(ElementHandler.java:22)
	at com.bayer.digitalfarming.frontend.selenium.utils.page.YourPage.functionalityMethod(YourPage.java:28)
	at com.bayer.digitalfarming.frontend.selenium.utils.test.YourTest.testFunctionality(YourTest.java:28)
... Removed 25 stack frames]]>
    </failure>
  </testcase> <!-- testFunctionality -->
</testsuite> <!-- Test -->
