<?xml version="1.0" encoding="UTF-8"?>
<!-- Generated by org.testng.reporters.JUnitXMLReporter -->
<testsuite hostname="DESKTOP-Q4DJ4GC" name="Test" tests="1" failures="1" timestamp="18 May 2020 08:50:28 GMT" time="182.162" errors="0">
  <testcase name="login" time="129.617" classname="main.com.bayer.frontend.selenium.testcases.AccessAmazon">
    <failure type="java.lang.AssertionError" message="Unable to locate the element: &amp;lt;/br&amp;gt;&amp;lt;font color=red&amp;gt;user :-  NAME=username&amp;lt;/font&amp;gt;">
        <![CDATA[java.lang.AssertionError: Unable to locate the element: </br><font color=red>user :-  NAME=username</font>
	at main.com.bayer.frontend.selenium.utils.handlers.BaseHandler.findElement(BaseHandler.java:104)
	at main.com.bayer.frontend.selenium.utils.handlers.ElementHandler.writeText(ElementHandler.java:62)
	at main.com.bayer.frontend.selenium.pages.AmazonHomePage.enterUser(AmazonHomePage.java:33)
	at main.com.bayer.frontend.selenium.testcases.AccessAmazon.login(AccessAmazon.java:15)
... Removed 25 stack frames]]>
    </failure>
  </testcase> <!-- login -->
</testsuite> <!-- Test -->
