<?xml version="1.0" encoding="UTF-8"?>
<testng-results skipped="0" failed="0" total="1" passed="1">
  <reporter-output>
  </reporter-output>
  <suite name="Default suite" duration-ms="274" started-at="2020-06-09T09:23:59Z" finished-at="2020-06-09T09:24:00Z">
    <groups>
    </groups>
    <test name="Default test" duration-ms="274" started-at="2020-06-09T09:23:59Z" finished-at="2020-06-09T09:24:00Z">
      <class name="main.com.bayer.frontend.selenium.testcases.DemoExcel">
        <test-method status="PASS" signature="colMap()[pri:0, instance:main.com.bayer.frontend.selenium.testcases.DemoExcel@6bdf28bb]" name="colMap" duration-ms="249" started-at="2020-06-09T14:53:59Z" description="Mapped Cols" finished-at="2020-06-09T14:54:00Z">
          <reporter-output>
          </reporter-output>
        </test-method> <!-- colMap -->
      </class> <!-- main.com.bayer.frontend.selenium.testcases.DemoExcel -->
    </test> <!-- Default test -->
  </suite> <!-- Default suite -->
</testng-results>
